<?xml version="1.0" encoding="UTF-8"?>
<!-- Generated by org.testng.reporters.JUnitXMLReporter -->
<testsuite ignored="0" hostname="LAPTOP-65F09EPD" failures="0" tests="4" name="Test" time="12.064" errors="0" timestamp="2023-06-03T22:47:39 IST">
  <testcase classname="testClassPackage.Post_TC4" name="execute" time="7.833"/>
  <testcase classname="testClassPackage.Post_TC3" name="execute" time="1.319"/>
  <testcase classname="testClassPackage.Post_TC2" name="execute" time="1.268"/>
  <testcase classname="testClassPackage.Post_TC1" name="execute" time="1.229"/>
</testsuite> <!-- Test -->
