<?xml version="1.0" encoding="UTF-8"?>
<testng-results ignored="0" total="4" passed="4" failed="0" skipped="0">
  <reporter-output>
  </reporter-output>
  <suite started-at="2023-06-03T22:47:27 IST" name="Suite" finished-at="2023-06-03T22:47:39 IST" duration-ms="12064">
    <groups>
    </groups>
    <test started-at="2023-06-03T22:47:27 IST" name="Test" finished-at="2023-06-03T22:47:39 IST" duration-ms="12064">
      <class name="testClassPackage.Post_TC4">
        <test-method signature="execute()[pri:0, instance:testClassPackage.Post_TC4@19fb8826]" started-at="2023-06-03T22:47:27 IST" name="execute" finished-at="2023-06-03T22:47:35 IST" duration-ms="7833" status="PASS">
          <reporter-output>
          </reporter-output>
        </test-method> <!-- execute -->
      </class> <!-- testClassPackage.Post_TC4 -->
      <class name="testClassPackage.Post_TC2">
        <test-method signature="execute()[pri:0, instance:testClassPackage.Post_TC2@666b83a4]" started-at="2023-06-03T22:47:36 IST" name="execute" finished-at="2023-06-03T22:47:37 IST" duration-ms="1268" status="PASS">
          <reporter-output>
          </reporter-output>
        </test-method> <!-- execute -->
      </class> <!-- testClassPackage.Post_TC2 -->
      <class name="testClassPackage.Post_TC3">
        <test-method signature="execute()[pri:0, instance:testClassPackage.Post_TC3@5bfa8cc5]" started-at="2023-06-03T22:47:35 IST" name="execute" finished-at="2023-06-03T22:47:36 IST" duration-ms="1319" status="PASS">
          <reporter-output>
          </reporter-output>
        </test-method> <!-- execute -->
      </class> <!-- testClassPackage.Post_TC3 -->
      <class name="testClassPackage.Post_TC1">
        <test-method signature="execute()[pri:0, instance:testClassPackage.Post_TC1@749c877b]" started-at="2023-06-03T22:47:37 IST" name="execute" finished-at="2023-06-03T22:47:39 IST" duration-ms="1229" status="PASS">
          <reporter-output>
          </reporter-output>
        </test-method> <!-- execute -->
      </class> <!-- testClassPackage.Post_TC1 -->
    </test> <!-- Test -->
  </suite> <!-- Suite -->
</testng-results>
